2013-08-27 11:38:51,790 [Worker-3] INFO  org.eclipse.jetty.server.Server - jetty-8.1.10.v20130312
2013-08-27 11:38:52,016 [Worker-3] INFO  o.e.jetty.server.AbstractConnector - Started SelectChannelConnector@127.0.0.1:58718
2013-08-27 13:35:26,040 [main] INFO  o.e.j.server.handler.ContextHandler - stopped o.e.j.s.ServletContextHandler{/jrebel,null}
2013-08-29 16:53:20,398 [Worker-1] INFO  org.eclipse.jetty.server.Server - jetty-8.1.10.v20130312
2013-08-29 16:53:20,573 [Worker-1] INFO  o.e.jetty.server.AbstractConnector - Started SelectChannelConnector@127.0.0.1:61506
2013-08-30 13:38:22,467 [main] INFO  o.e.j.server.handler.ContextHandler - stopped o.e.j.s.ServletContextHandler{/jrebel,null}
2013-08-30 14:16:46,507 [Worker-1] INFO  org.eclipse.jetty.server.Server - jetty-8.1.10.v20130312
2013-08-30 14:16:46,690 [Worker-1] INFO  o.e.jetty.server.AbstractConnector - Started SelectChannelConnector@127.0.0.1:54089
2013-08-30 14:33:30,838 [main] INFO  o.e.j.server.handler.ContextHandler - stopped o.e.j.s.ServletContextHandler{/jrebel,null}
2013-08-31 10:44:54,980 [Worker-2] INFO  org.eclipse.jetty.server.Server - jetty-8.1.10.v20130312
2013-08-31 10:44:55,144 [Worker-2] INFO  o.e.jetty.server.AbstractConnector - Started SelectChannelConnector@127.0.0.1:57494
2013-08-31 18:57:52,286 [main] INFO  o.e.j.server.handler.ContextHandler - stopped o.e.j.s.ServletContextHandler{/jrebel,null}
2013-09-01 17:41:47,447 [Worker-1] INFO  org.eclipse.jetty.server.Server - jetty-8.1.10.v20130312
2013-09-01 17:41:47,545 [Worker-1] INFO  o.e.jetty.server.AbstractConnector - Started SelectChannelConnector@127.0.0.1:50894
2013-09-01 22:09:57,983 [main] INFO  o.e.j.server.handler.ContextHandler - stopped o.e.j.s.ServletContextHandler{/jrebel,null}
2013-09-03 13:47:31,849 [Worker-3] INFO  org.eclipse.jetty.server.Server - jetty-8.1.10.v20130312
2013-09-03 13:47:32,019 [Worker-3] INFO  o.e.jetty.server.AbstractConnector - Started SelectChannelConnector@127.0.0.1:52863
2013-09-03 13:57:07,612 [main] INFO  o.e.j.server.handler.ContextHandler - stopped o.e.j.s.ServletContextHandler{/jrebel,null}
2013-09-04 09:45:52,556 [Worker-1] INFO  org.eclipse.jetty.server.Server - jetty-8.1.10.v20130312
2013-09-04 09:45:52,690 [Worker-1] INFO  o.e.jetty.server.AbstractConnector - Started SelectChannelConnector@127.0.0.1:49215
2013-09-04 11:01:55,892 [main] INFO  o.e.j.server.handler.ContextHandler - stopped o.e.j.s.ServletContextHandler{/jrebel,null}
2013-09-07 08:52:26,863 [Worker-2] INFO  org.eclipse.jetty.server.Server - jetty-8.1.10.v20130312
2013-09-07 08:52:27,004 [Worker-2] INFO  o.e.jetty.server.AbstractConnector - Started SelectChannelConnector@127.0.0.1:53374
2013-09-08 09:17:54,422 [main] INFO  o.e.j.server.handler.ContextHandler - stopped o.e.j.s.ServletContextHandler{/jrebel,null}
2013-09-08 09:21:38,427 [Worker-2] INFO  org.eclipse.jetty.server.Server - jetty-8.1.10.v20130312
2013-09-08 09:21:38,568 [Worker-2] INFO  o.e.jetty.server.AbstractConnector - Started SelectChannelConnector@127.0.0.1:49718
2013-09-08 10:58:57,717 [main] INFO  o.e.j.server.handler.ContextHandler - stopped o.e.j.s.ServletContextHandler{/jrebel,null}
2013-09-08 18:03:27,164 [Worker-5] INFO  org.eclipse.jetty.server.Server - jetty-8.1.10.v20130312
2013-09-08 18:03:27,352 [Worker-5] INFO  o.e.jetty.server.AbstractConnector - Started SelectChannelConnector@127.0.0.1:51308
2013-09-08 19:36:38,134 [main] INFO  o.e.j.server.handler.ContextHandler - stopped o.e.j.s.ServletContextHandler{/jrebel,null}
2013-09-10 17:08:22,732 [Worker-1] INFO  org.eclipse.jetty.server.Server - jetty-8.1.10.v20130312
2013-09-10 17:08:22,963 [Worker-1] INFO  o.e.jetty.server.AbstractConnector - Started SelectChannelConnector@127.0.0.1:51940
2013-09-11 08:04:48,374 [main] INFO  o.e.j.server.handler.ContextHandler - stopped o.e.j.s.ServletContextHandler{/jrebel,null}
2013-09-11 08:07:02,371 [Worker-1] INFO  org.eclipse.jetty.server.Server - jetty-8.1.10.v20130312
2013-09-11 08:07:02,552 [Worker-1] INFO  o.e.jetty.server.AbstractConnector - Started SelectChannelConnector@127.0.0.1:51884
2013-09-11 08:55:03,273 [main] INFO  o.e.j.server.handler.ContextHandler - stopped o.e.j.s.ServletContextHandler{/jrebel,null}
2013-09-11 14:35:56,812 [Worker-5] INFO  org.eclipse.jetty.server.Server - jetty-8.1.10.v20130312
2013-09-11 14:35:57,009 [Worker-5] INFO  o.e.jetty.server.AbstractConnector - Started SelectChannelConnector@127.0.0.1:50546
2013-09-11 14:45:59,910 [main] INFO  o.e.j.server.handler.ContextHandler - stopped o.e.j.s.ServletContextHandler{/jrebel,null}
2013-09-11 15:41:22,515 [Worker-3] INFO  org.eclipse.jetty.server.Server - jetty-8.1.10.v20130312
2013-09-11 15:41:22,632 [Worker-3] INFO  o.e.jetty.server.AbstractConnector - Started SelectChannelConnector@127.0.0.1:53062
2013-09-11 17:18:50,846 [main] INFO  o.e.j.server.handler.ContextHandler - stopped o.e.j.s.ServletContextHandler{/jrebel,null}
2013-09-14 09:42:37,326 [Worker-3] INFO  org.eclipse.jetty.server.Server - jetty-8.1.10.v20130312
2013-09-14 09:42:37,481 [Worker-3] INFO  o.e.jetty.server.AbstractConnector - Started SelectChannelConnector@127.0.0.1:60745
2013-09-14 16:04:46,024 [main] INFO  o.e.j.server.handler.ContextHandler - stopped o.e.j.s.ServletContextHandler{/jrebel,null}
2013-09-16 11:23:27,748 [Worker-3] INFO  org.eclipse.jetty.server.Server - jetty-8.1.10.v20130312
2013-09-16 11:23:27,897 [Worker-3] INFO  o.e.jetty.server.AbstractConnector - Started SelectChannelConnector@127.0.0.1:56687
2013-09-16 12:00:34,079 [main] INFO  o.e.j.server.handler.ContextHandler - stopped o.e.j.s.ServletContextHandler{/jrebel,null}
2013-09-22 16:19:58,123 [Worker-5] INFO  org.eclipse.jetty.server.Server - jetty-8.1.10.v20130312
2013-09-22 16:19:58,338 [Worker-5] INFO  o.e.jetty.server.AbstractConnector - Started SelectChannelConnector@127.0.0.1:54757
2013-09-22 22:15:10,696 [main] INFO  o.e.j.server.handler.ContextHandler - stopped o.e.j.s.ServletContextHandler{/jrebel,null}
2013-09-28 09:40:30,020 [Worker-3] INFO  org.eclipse.jetty.server.Server - jetty-8.1.10.v20130312
2013-09-28 09:40:30,116 [Worker-3] INFO  o.e.jetty.server.AbstractConnector - Started SelectChannelConnector@127.0.0.1:49327
2013-09-28 17:29:28,238 [main] INFO  o.e.j.server.handler.ContextHandler - stopped o.e.j.s.ServletContextHandler{/jrebel,null}
2013-09-29 18:46:00,403 [Worker-3] INFO  org.eclipse.jetty.server.Server - jetty-8.1.10.v20130312
2013-09-29 18:46:00,476 [Worker-3] INFO  o.e.jetty.server.AbstractConnector - Started SelectChannelConnector@127.0.0.1:61031
2013-09-30 07:52:21,131 [main] INFO  o.e.j.server.handler.ContextHandler - stopped o.e.j.s.ServletContextHandler{/jrebel,null}
2014-02-23 16:55:30,267 [Worker-0] INFO  org.eclipse.jetty.server.Server - jetty-8.1.10.v20130312
2014-02-23 16:55:30,403 [Worker-0] INFO  o.e.jetty.server.AbstractConnector - Started SelectChannelConnector@127.0.0.1:64895
2014-02-23 19:39:21,630 [main] INFO  o.e.j.server.handler.ContextHandler - stopped o.e.j.s.ServletContextHandler{/jrebel,null}
2014-02-24 07:38:09,505 [Worker-0] INFO  org.eclipse.jetty.server.Server - jetty-8.1.10.v20130312
2014-02-24 07:38:09,708 [Worker-0] INFO  o.e.jetty.server.AbstractConnector - Started SelectChannelConnector@127.0.0.1:51231
2014-02-24 07:57:40,466 [main] INFO  o.e.j.server.handler.ContextHandler - stopped o.e.j.s.ServletContextHandler{/jrebel,null}
2014-03-02 15:17:38,730 [Worker-6] INFO  org.eclipse.jetty.server.Server - jetty-8.1.10.v20130312
2014-03-02 15:17:38,876 [Worker-6] INFO  o.e.jetty.server.AbstractConnector - Started SelectChannelConnector@127.0.0.1:50444
2014-03-02 17:36:38,264 [main] INFO  o.e.j.server.handler.ContextHandler - stopped o.e.j.s.ServletContextHandler{/jrebel,null}
2014-08-16 17:34:56,938 [Worker-1] INFO  org.eclipse.jetty.server.Server - jetty-8.1.10.v20130312
2014-08-16 17:34:57,162 [Worker-1] INFO  o.e.jetty.server.AbstractConnector - Started SelectChannelConnector@127.0.0.1:56042
2014-08-16 18:11:15,623 [main] INFO  o.e.j.server.handler.ContextHandler - stopped o.e.j.s.ServletContextHandler{/jrebel,null}
2014-08-17 19:43:38,078 [Worker-0] INFO  org.eclipse.jetty.server.Server - jetty-8.1.10.v20130312
2014-08-17 19:43:38,265 [Worker-0] INFO  o.e.jetty.server.AbstractConnector - Started SelectChannelConnector@127.0.0.1:52097
2014-08-17 22:09:18,517 [main] INFO  o.e.j.server.handler.ContextHandler - stopped o.e.j.s.ServletContextHandler{/jrebel,null}
2014-08-18 08:01:10,247 [Worker-5] INFO  org.eclipse.jetty.server.Server - jetty-8.1.10.v20130312
2014-08-18 08:01:10,390 [Worker-5] INFO  o.e.jetty.server.AbstractConnector - Started SelectChannelConnector@127.0.0.1:52739
2014-08-18 08:03:00,577 [main] INFO  o.e.j.server.handler.ContextHandler - stopped o.e.j.s.ServletContextHandler{/jrebel,null}
2014-08-21 14:03:45,684 [Worker-1] INFO  org.eclipse.jetty.server.Server - jetty-8.1.10.v20130312
2014-08-21 14:03:45,824 [Worker-1] INFO  o.e.jetty.server.AbstractConnector - Started SelectChannelConnector@127.0.0.1:61643
2014-08-21 17:00:14,466 [main] INFO  o.e.j.server.handler.ContextHandler - stopped o.e.j.s.ServletContextHandler{/jrebel,null}
2014-08-21 17:01:32,104 [Worker-6] INFO  org.eclipse.jetty.server.Server - jetty-8.1.10.v20130312
2014-08-21 17:01:32,228 [Worker-6] INFO  o.e.jetty.server.AbstractConnector - Started SelectChannelConnector@127.0.0.1:63237
2014-08-21 17:33:38,301 [main] INFO  o.e.j.server.handler.ContextHandler - stopped o.e.j.s.ServletContextHandler{/jrebel,null}
2014-08-22 07:53:29,705 [Worker-2] INFO  org.eclipse.jetty.server.Server - jetty-8.1.10.v20130312
2014-08-22 07:53:29,814 [Worker-2] WARN  o.e.j.u.component.AbstractLifeCycle - FAILED org.eclipse.jetty.server.nio.SelectChannelConnector$ConnectorSelectorManager@50aa9f08: java.io.IOException: Unable to establish loopback connection
java.io.IOException: Unable to establish loopback connection
	at sun.nio.ch.PipeImpl$Initializer.run(PipeImpl.java:106) ~[na:1.6.0_45]
	at java.security.AccessController.doPrivileged(Native Method) [na:1.6.0_45]
	at sun.nio.ch.PipeImpl.<init>(PipeImpl.java:122) ~[na:1.6.0_45]
	at sun.nio.ch.SelectorProviderImpl.openPipe(SelectorProviderImpl.java:27) ~[na:1.6.0_45]
	at java.nio.channels.Pipe.open(Pipe.java:133) ~[na:1.6.0_45]
	at sun.nio.ch.WindowsSelectorImpl.<init>(WindowsSelectorImpl.java:104) ~[na:1.6.0_45]
	at sun.nio.ch.WindowsSelectorProvider.openSelector(WindowsSelectorProvider.java:26) ~[na:1.6.0_45]
	at java.nio.channels.Selector.open(Selector.java:209) ~[na:1.6.0_45]
	at org.eclipse.jetty.io.nio.SelectorManager$SelectSet.<init>(SelectorManager.java:416) ~[na:na]
	at org.eclipse.jetty.io.nio.SelectorManager.doStart(SelectorManager.java:261) ~[na:na]
	at org.eclipse.jetty.util.component.AbstractLifeCycle.start(AbstractLifeCycle.java:64) [org.eclipse.jetty.util_8.1.10.v20130312.jar:8.1.10.v20130312]
	at org.eclipse.jetty.util.component.AggregateLifeCycle.doStart(AggregateLifeCycle.java:81) [org.eclipse.jetty.util_8.1.10.v20130312.jar:8.1.10.v20130312]
	at org.eclipse.jetty.server.AbstractConnector.doStart(AbstractConnector.java:324) [org.eclipse.jetty.server_8.1.10.v20130312.jar:8.1.10.v20130312]
	at org.eclipse.jetty.server.nio.SelectChannelConnector.doStart(SelectChannelConnector.java:265) [org.eclipse.jetty.server_8.1.10.v20130312.jar:8.1.10.v20130312]
	at org.eclipse.jetty.util.component.AbstractLifeCycle.start(AbstractLifeCycle.java:64) [org.eclipse.jetty.util_8.1.10.v20130312.jar:8.1.10.v20130312]
	at org.eclipse.jetty.server.Server.doStart(Server.java:291) [org.eclipse.jetty.server_8.1.10.v20130312.jar:8.1.10.v20130312]
	at org.eclipse.jetty.util.component.AbstractLifeCycle.start(AbstractLifeCycle.java:64) [org.eclipse.jetty.util_8.1.10.v20130312.jar:8.1.10.v20130312]
	at org.eclipse.equinox.http.jetty.internal.HttpServerManager.updated(HttpServerManager.java:113) [org.eclipse.equinox.http.jetty_3.0.100.v20130327-1442.jar:na]
	at org.eclipse.equinox.http.jetty.internal.Activator.startServer(Activator.java:225) [org.eclipse.equinox.http.jetty_3.0.100.v20130327-1442.jar:na]
	at org.eclipse.equinox.http.jetty.JettyConfigurator.startServer(JettyConfigurator.java:45) [org.eclipse.equinox.http.jetty_3.0.100.v20130327-1442.jar:na]
	at org.zeroturnaround.eclipse.jrebel.http.HttpNotifications.startServer(HttpNotifications.java:46) [org.zeroturnaround.eclipse_5.3.0.RELEASE-201305281235.jar:na]
	at org.zeroturnaround.eclipse.RebelPlugin.start(RebelPlugin.java:125) [org.zeroturnaround.eclipse_5.3.0.RELEASE-201305281235.jar:na]
	at org.eclipse.osgi.framework.internal.core.BundleContextImpl$1.run(BundleContextImpl.java:711) [org.eclipse.osgi_3.9.0.v20130529-1710.jar:na]
	at java.security.AccessController.doPrivileged(Native Method) [na:1.6.0_45]
	at org.eclipse.osgi.framework.internal.core.BundleContextImpl.startActivator(BundleContextImpl.java:702) [org.eclipse.osgi_3.9.0.v20130529-1710.jar:na]
	at org.eclipse.osgi.framework.internal.core.BundleContextImpl.start(BundleContextImpl.java:683) [org.eclipse.osgi_3.9.0.v20130529-1710.jar:na]
	at org.eclipse.osgi.framework.internal.core.BundleHost.startWorker(BundleHost.java:381) [org.eclipse.osgi_3.9.0.v20130529-1710.jar:na]
	at org.eclipse.osgi.framework.internal.core.AbstractBundle.start(AbstractBundle.java:300) [org.eclipse.osgi_3.9.0.v20130529-1710.jar:na]
	at org.eclipse.osgi.framework.util.SecureAction.start(SecureAction.java:478) [org.eclipse.osgi_3.9.0.v20130529-1710.jar:na]
	at org.eclipse.osgi.internal.loader.BundleLoader.setLazyTrigger(BundleLoader.java:263) [org.eclipse.osgi_3.9.0.v20130529-1710.jar:na]
	at org.eclipse.core.runtime.internal.adaptor.EclipseLazyStarter.postFindLocalClass(EclipseLazyStarter.java:109) [org.eclipse.osgi_3.9.0.v20130529-1710.jar:na]
	at org.eclipse.osgi.baseadaptor.loader.ClasspathManager.findLocalClass(ClasspathManager.java:469) [org.eclipse.osgi_3.9.0.v20130529-1710.jar:na]
	at org.eclipse.osgi.internal.baseadaptor.DefaultClassLoader.findLocalClass(DefaultClassLoader.java:216) [org.eclipse.osgi_3.9.0.v20130529-1710.jar:na]
	at org.eclipse.osgi.internal.loader.BundleLoader.findLocalClass(BundleLoader.java:395) [org.eclipse.osgi_3.9.0.v20130529-1710.jar:na]
	at org.eclipse.osgi.internal.loader.BundleLoader.findClassInternal(BundleLoader.java:464) [org.eclipse.osgi_3.9.0.v20130529-1710.jar:na]
	at org.eclipse.osgi.internal.loader.BundleLoader.findClass(BundleLoader.java:421) [org.eclipse.osgi_3.9.0.v20130529-1710.jar:na]
	at org.eclipse.osgi.internal.loader.BundleLoader.findClass(BundleLoader.java:412) [org.eclipse.osgi_3.9.0.v20130529-1710.jar:na]
	at org.eclipse.osgi.internal.baseadaptor.DefaultClassLoader.loadClass(DefaultClassLoader.java:107) [org.eclipse.osgi_3.9.0.v20130529-1710.jar:na]
	at java.lang.ClassLoader.loadClass(ClassLoader.java:247) [na:1.6.0_45]
	at org.eclipse.osgi.internal.loader.BundleLoader.loadClass(BundleLoader.java:340) [org.eclipse.osgi_3.9.0.v20130529-1710.jar:na]
	at org.eclipse.osgi.framework.internal.core.BundleHost.loadClass(BundleHost.java:229) [org.eclipse.osgi_3.9.0.v20130529-1710.jar:na]
	at org.eclipse.osgi.framework.internal.core.AbstractBundle.loadClass(AbstractBundle.java:1212) [org.eclipse.osgi_3.9.0.v20130529-1710.jar:na]
	at org.eclipse.core.internal.registry.osgi.RegistryStrategyOSGI.createExecutableExtension(RegistryStrategyOSGI.java:174) [org.eclipse.equinox.registry_3.5.300.v20130327-1442.jar:na]
	at org.eclipse.core.internal.registry.ExtensionRegistry.createExecutableExtension(ExtensionRegistry.java:905) [org.eclipse.equinox.registry_3.5.300.v20130327-1442.jar:na]
	at org.eclipse.core.internal.registry.ConfigurationElement.createExecutableExtension(ConfigurationElement.java:243) [org.eclipse.equinox.registry_3.5.300.v20130327-1442.jar:na]
	at org.eclipse.core.internal.registry.ConfigurationElementHandle.createExecutableExtension(ConfigurationElementHandle.java:55) [org.eclipse.equinox.registry_3.5.300.v20130327-1442.jar:na]
	at org.eclipse.ui.internal.WorkbenchPlugin$1.run(WorkbenchPlugin.java:282) [org.eclipse.ui.workbench_3.105.0.v20130529-1406.jar:na]
	at org.eclipse.swt.custom.BusyIndicator.showWhile(BusyIndicator.java:52) [org.eclipse.swt.win32.win32.x86_64_3.102.0.v20130605-1544.jar:na]
	at org.eclipse.ui.internal.WorkbenchPlugin.createExtension(WorkbenchPlugin.java:278) [org.eclipse.ui.workbench_3.105.0.v20130529-1406.jar:na]
	at org.eclipse.ui.internal.EarlyStartupRunnable.getExecutableExtension(EarlyStartupRunnable.java:117) [org.eclipse.ui.workbench_3.105.0.v20130529-1406.jar:na]
	at org.eclipse.ui.internal.EarlyStartupRunnable.run(EarlyStartupRunnable.java:66) [org.eclipse.ui.workbench_3.105.0.v20130529-1406.jar:na]
	at org.eclipse.core.runtime.SafeRunner.run(SafeRunner.java:42) [org.eclipse.equinox.common_3.6.200.v20130402-1505.jar:na]
	at org.eclipse.ui.internal.Workbench$55.run(Workbench.java:2552) [org.eclipse.ui.workbench_3.105.0.v20130529-1406.jar:na]
	at org.eclipse.core.internal.jobs.Worker.run(Worker.java:53) [org.eclipse.core.jobs_3.5.300.v20130429-1813.jar:na]
Caused by: java.net.SocketException: No buffer space available (maximum connections reached?): bind
	at sun.nio.ch.Net.bind(Native Method) ~[na:1.6.0_45]
	at sun.nio.ch.ServerSocketChannelImpl.bind(ServerSocketChannelImpl.java:124) ~[na:1.6.0_45]
	at sun.nio.ch.ServerSocketAdaptor.bind(ServerSocketAdaptor.java:59) ~[na:1.6.0_45]
	at sun.nio.ch.ServerSocketAdaptor.bind(ServerSocketAdaptor.java:52) ~[na:1.6.0_45]
	at sun.nio.ch.PipeImpl$Initializer.run(PipeImpl.java:72) ~[na:1.6.0_45]
	... 53 common frames omitted
2014-08-22 07:53:29,814 [Worker-2] WARN  o.e.j.u.component.AbstractLifeCycle - FAILED SelectChannelConnector@127.0.0.1:0: java.io.IOException: Unable to establish loopback connection
java.io.IOException: Unable to establish loopback connection
	at sun.nio.ch.PipeImpl$Initializer.run(PipeImpl.java:106) ~[na:1.6.0_45]
	at java.security.AccessController.doPrivileged(Native Method) [na:1.6.0_45]
	at sun.nio.ch.PipeImpl.<init>(PipeImpl.java:122) ~[na:1.6.0_45]
	at sun.nio.ch.SelectorProviderImpl.openPipe(SelectorProviderImpl.java:27) ~[na:1.6.0_45]
	at java.nio.channels.Pipe.open(Pipe.java:133) ~[na:1.6.0_45]
	at sun.nio.ch.WindowsSelectorImpl.<init>(WindowsSelectorImpl.java:104) ~[na:1.6.0_45]
	at sun.nio.ch.WindowsSelectorProvider.openSelector(WindowsSelectorProvider.java:26) ~[na:1.6.0_45]
	at java.nio.channels.Selector.open(Selector.java:209) ~[na:1.6.0_45]
	at org.eclipse.jetty.io.nio.SelectorManager$SelectSet.<init>(SelectorManager.java:416) ~[org.eclipse.jetty.io_8.1.10.v20130312.jar:8.1.10.v20130312]
	at org.eclipse.jetty.io.nio.SelectorManager.doStart(SelectorManager.java:261) ~[org.eclipse.jetty.io_8.1.10.v20130312.jar:8.1.10.v20130312]
	at org.eclipse.jetty.util.component.AbstractLifeCycle.start(AbstractLifeCycle.java:64) [org.eclipse.jetty.util_8.1.10.v20130312.jar:8.1.10.v20130312]
	at org.eclipse.jetty.util.component.AggregateLifeCycle.doStart(AggregateLifeCycle.java:81) ~[org.eclipse.jetty.util_8.1.10.v20130312.jar:8.1.10.v20130312]
	at org.eclipse.jetty.server.AbstractConnector.doStart(AbstractConnector.java:324) ~[org.eclipse.jetty.server_8.1.10.v20130312.jar:8.1.10.v20130312]
	at org.eclipse.jetty.server.nio.SelectChannelConnector.doStart(SelectChannelConnector.java:265) ~[org.eclipse.jetty.server_8.1.10.v20130312.jar:8.1.10.v20130312]
	at org.eclipse.jetty.util.component.AbstractLifeCycle.start(AbstractLifeCycle.java:64) [org.eclipse.jetty.util_8.1.10.v20130312.jar:8.1.10.v20130312]
	at org.eclipse.jetty.server.Server.doStart(Server.java:291) [org.eclipse.jetty.server_8.1.10.v20130312.jar:8.1.10.v20130312]
	at org.eclipse.jetty.util.component.AbstractLifeCycle.start(AbstractLifeCycle.java:64) [org.eclipse.jetty.util_8.1.10.v20130312.jar:8.1.10.v20130312]
	at org.eclipse.equinox.http.jetty.internal.HttpServerManager.updated(HttpServerManager.java:113) [org.eclipse.equinox.http.jetty_3.0.100.v20130327-1442.jar:na]
	at org.eclipse.equinox.http.jetty.internal.Activator.startServer(Activator.java:225) [org.eclipse.equinox.http.jetty_3.0.100.v20130327-1442.jar:na]
	at org.eclipse.equinox.http.jetty.JettyConfigurator.startServer(JettyConfigurator.java:45) [org.eclipse.equinox.http.jetty_3.0.100.v20130327-1442.jar:na]
	at org.zeroturnaround.eclipse.jrebel.http.HttpNotifications.startServer(HttpNotifications.java:46) [org.zeroturnaround.eclipse_5.3.0.RELEASE-201305281235.jar:na]
	at org.zeroturnaround.eclipse.RebelPlugin.start(RebelPlugin.java:125) [org.zeroturnaround.eclipse_5.3.0.RELEASE-201305281235.jar:na]
	at org.eclipse.osgi.framework.internal.core.BundleContextImpl$1.run(BundleContextImpl.java:711) [org.eclipse.osgi_3.9.0.v20130529-1710.jar:na]
	at java.security.AccessController.doPrivileged(Native Method) [na:1.6.0_45]
	at org.eclipse.osgi.framework.internal.core.BundleContextImpl.startActivator(BundleContextImpl.java:702) [org.eclipse.osgi_3.9.0.v20130529-1710.jar:na]
	at org.eclipse.osgi.framework.internal.core.BundleContextImpl.start(BundleContextImpl.java:683) [org.eclipse.osgi_3.9.0.v20130529-1710.jar:na]
	at org.eclipse.osgi.framework.internal.core.BundleHost.startWorker(BundleHost.java:381) [org.eclipse.osgi_3.9.0.v20130529-1710.jar:na]
	at org.eclipse.osgi.framework.internal.core.AbstractBundle.start(AbstractBundle.java:300) [org.eclipse.osgi_3.9.0.v20130529-1710.jar:na]
	at org.eclipse.osgi.framework.util.SecureAction.start(SecureAction.java:478) [org.eclipse.osgi_3.9.0.v20130529-1710.jar:na]
	at org.eclipse.osgi.internal.loader.BundleLoader.setLazyTrigger(BundleLoader.java:263) [org.eclipse.osgi_3.9.0.v20130529-1710.jar:na]
	at org.eclipse.core.runtime.internal.adaptor.EclipseLazyStarter.postFindLocalClass(EclipseLazyStarter.java:109) [org.eclipse.osgi_3.9.0.v20130529-1710.jar:na]
	at org.eclipse.osgi.baseadaptor.loader.ClasspathManager.findLocalClass(ClasspathManager.java:469) [org.eclipse.osgi_3.9.0.v20130529-1710.jar:na]
	at org.eclipse.osgi.internal.baseadaptor.DefaultClassLoader.findLocalClass(DefaultClassLoader.java:216) [org.eclipse.osgi_3.9.0.v20130529-1710.jar:na]
	at org.eclipse.osgi.internal.loader.BundleLoader.findLocalClass(BundleLoader.java:395) [org.eclipse.osgi_3.9.0.v20130529-1710.jar:na]
	at org.eclipse.osgi.internal.loader.BundleLoader.findClassInternal(BundleLoader.java:464) [org.eclipse.osgi_3.9.0.v20130529-1710.jar:na]
	at org.eclipse.osgi.internal.loader.BundleLoader.findClass(BundleLoader.java:421) [org.eclipse.osgi_3.9.0.v20130529-1710.jar:na]
	at org.eclipse.osgi.internal.loader.BundleLoader.findClass(BundleLoader.java:412) [org.eclipse.osgi_3.9.0.v20130529-1710.jar:na]
	at org.eclipse.osgi.internal.baseadaptor.DefaultClassLoader.loadClass(DefaultClassLoader.java:107) [org.eclipse.osgi_3.9.0.v20130529-1710.jar:na]
	at java.lang.ClassLoader.loadClass(ClassLoader.java:247) [na:1.6.0_45]
	at org.eclipse.osgi.internal.loader.BundleLoader.loadClass(BundleLoader.java:340) [org.eclipse.osgi_3.9.0.v20130529-1710.jar:na]
	at org.eclipse.osgi.framework.internal.core.BundleHost.loadClass(BundleHost.java:229) [org.eclipse.osgi_3.9.0.v20130529-1710.jar:na]
	at org.eclipse.osgi.framework.internal.core.AbstractBundle.loadClass(AbstractBundle.java:1212) [org.eclipse.osgi_3.9.0.v20130529-1710.jar:na]
	at org.eclipse.core.internal.registry.osgi.RegistryStrategyOSGI.createExecutableExtension(RegistryStrategyOSGI.java:174) [org.eclipse.equinox.registry_3.5.300.v20130327-1442.jar:na]
	at org.eclipse.core.internal.registry.ExtensionRegistry.createExecutableExtension(ExtensionRegistry.java:905) [org.eclipse.equinox.registry_3.5.300.v20130327-1442.jar:na]
	at org.eclipse.core.internal.registry.ConfigurationElement.createExecutableExtension(ConfigurationElement.java:243) [org.eclipse.equinox.registry_3.5.300.v20130327-1442.jar:na]
	at org.eclipse.core.internal.registry.ConfigurationElementHandle.createExecutableExtension(ConfigurationElementHandle.java:55) [org.eclipse.equinox.registry_3.5.300.v20130327-1442.jar:na]
	at org.eclipse.ui.internal.WorkbenchPlugin$1.run(WorkbenchPlugin.java:282) [org.eclipse.ui.workbench_3.105.0.v20130529-1406.jar:na]
	at org.eclipse.swt.custom.BusyIndicator.showWhile(BusyIndicator.java:52) [org.eclipse.swt.win32.win32.x86_64_3.102.0.v20130605-1544.jar:na]
	at org.eclipse.ui.internal.WorkbenchPlugin.createExtension(WorkbenchPlugin.java:278) [org.eclipse.ui.workbench_3.105.0.v20130529-1406.jar:na]
	at org.eclipse.ui.internal.EarlyStartupRunnable.getExecutableExtension(EarlyStartupRunnable.java:117) [org.eclipse.ui.workbench_3.105.0.v20130529-1406.jar:na]
	at org.eclipse.ui.internal.EarlyStartupRunnable.run(EarlyStartupRunnable.java:66) [org.eclipse.ui.workbench_3.105.0.v20130529-1406.jar:na]
	at org.eclipse.core.runtime.SafeRunner.run(SafeRunner.java:42) [org.eclipse.equinox.common_3.6.200.v20130402-1505.jar:na]
	at org.eclipse.ui.internal.Workbench$55.run(Workbench.java:2552) [org.eclipse.ui.workbench_3.105.0.v20130529-1406.jar:na]
	at org.eclipse.core.internal.jobs.Worker.run(Worker.java:53) [org.eclipse.core.jobs_3.5.300.v20130429-1813.jar:na]
Caused by: java.net.SocketException: No buffer space available (maximum connections reached?): bind
	at sun.nio.ch.Net.bind(Native Method) ~[na:1.6.0_45]
	at sun.nio.ch.ServerSocketChannelImpl.bind(ServerSocketChannelImpl.java:124) ~[na:1.6.0_45]
	at sun.nio.ch.ServerSocketAdaptor.bind(ServerSocketAdaptor.java:59) ~[na:1.6.0_45]
	at sun.nio.ch.ServerSocketAdaptor.bind(ServerSocketAdaptor.java:52) ~[na:1.6.0_45]
	at sun.nio.ch.PipeImpl$Initializer.run(PipeImpl.java:72) ~[na:1.6.0_45]
	... 53 common frames omitted
2014-08-22 07:53:29,830 [Worker-2] WARN  o.e.j.u.component.AbstractLifeCycle - FAILED org.eclipse.jetty.server.Server@257b746: java.io.IOException: Unable to establish loopback connection
java.io.IOException: Unable to establish loopback connection
	at sun.nio.ch.PipeImpl$Initializer.run(PipeImpl.java:106) ~[na:1.6.0_45]
	at java.security.AccessController.doPrivileged(Native Method) [na:1.6.0_45]
	at sun.nio.ch.PipeImpl.<init>(PipeImpl.java:122) ~[na:1.6.0_45]
	at sun.nio.ch.SelectorProviderImpl.openPipe(SelectorProviderImpl.java:27) ~[na:1.6.0_45]
	at java.nio.channels.Pipe.open(Pipe.java:133) ~[na:1.6.0_45]
	at sun.nio.ch.WindowsSelectorImpl.<init>(WindowsSelectorImpl.java:104) ~[na:1.6.0_45]
	at sun.nio.ch.WindowsSelectorProvider.openSelector(WindowsSelectorProvider.java:26) ~[na:1.6.0_45]
	at java.nio.channels.Selector.open(Selector.java:209) ~[na:1.6.0_45]
	at org.eclipse.jetty.io.nio.SelectorManager$SelectSet.<init>(SelectorManager.java:416) ~[org.eclipse.jetty.io_8.1.10.v20130312.jar:8.1.10.v20130312]
	at org.eclipse.jetty.io.nio.SelectorManager.doStart(SelectorManager.java:261) ~[org.eclipse.jetty.io_8.1.10.v20130312.jar:8.1.10.v20130312]
	at org.eclipse.jetty.util.component.AbstractLifeCycle.start(AbstractLifeCycle.java:64) ~[org.eclipse.jetty.util_8.1.10.v20130312.jar:8.1.10.v20130312]
	at org.eclipse.jetty.util.component.AggregateLifeCycle.doStart(AggregateLifeCycle.java:81) ~[org.eclipse.jetty.util_8.1.10.v20130312.jar:8.1.10.v20130312]
	at org.eclipse.jetty.server.AbstractConnector.doStart(AbstractConnector.java:324) ~[org.eclipse.jetty.server_8.1.10.v20130312.jar:8.1.10.v20130312]
	at org.eclipse.jetty.server.nio.SelectChannelConnector.doStart(SelectChannelConnector.java:265) ~[org.eclipse.jetty.server_8.1.10.v20130312.jar:8.1.10.v20130312]
	at org.eclipse.jetty.util.component.AbstractLifeCycle.start(AbstractLifeCycle.java:64) ~[org.eclipse.jetty.util_8.1.10.v20130312.jar:8.1.10.v20130312]
	at org.eclipse.jetty.server.Server.doStart(Server.java:291) ~[org.eclipse.jetty.server_8.1.10.v20130312.jar:8.1.10.v20130312]
	at org.eclipse.jetty.util.component.AbstractLifeCycle.start(AbstractLifeCycle.java:64) ~[org.eclipse.jetty.util_8.1.10.v20130312.jar:8.1.10.v20130312]
	at org.eclipse.equinox.http.jetty.internal.HttpServerManager.updated(HttpServerManager.java:113) [org.eclipse.equinox.http.jetty_3.0.100.v20130327-1442.jar:na]
	at org.eclipse.equinox.http.jetty.internal.Activator.startServer(Activator.java:225) [org.eclipse.equinox.http.jetty_3.0.100.v20130327-1442.jar:na]
	at org.eclipse.equinox.http.jetty.JettyConfigurator.startServer(JettyConfigurator.java:45) [org.eclipse.equinox.http.jetty_3.0.100.v20130327-1442.jar:na]
	at org.zeroturnaround.eclipse.jrebel.http.HttpNotifications.startServer(HttpNotifications.java:46) [org.zeroturnaround.eclipse_5.3.0.RELEASE-201305281235.jar:na]
	at org.zeroturnaround.eclipse.RebelPlugin.start(RebelPlugin.java:125) [org.zeroturnaround.eclipse_5.3.0.RELEASE-201305281235.jar:na]
	at org.eclipse.osgi.framework.internal.core.BundleContextImpl$1.run(BundleContextImpl.java:711) [org.eclipse.osgi_3.9.0.v20130529-1710.jar:na]
	at java.security.AccessController.doPrivileged(Native Method) [na:1.6.0_45]
	at org.eclipse.osgi.framework.internal.core.BundleContextImpl.startActivator(BundleContextImpl.java:702) [org.eclipse.osgi_3.9.0.v20130529-1710.jar:na]
	at org.eclipse.osgi.framework.internal.core.BundleContextImpl.start(BundleContextImpl.java:683) [org.eclipse.osgi_3.9.0.v20130529-1710.jar:na]
	at org.eclipse.osgi.framework.internal.core.BundleHost.startWorker(BundleHost.java:381) [org.eclipse.osgi_3.9.0.v20130529-1710.jar:na]
	at org.eclipse.osgi.framework.internal.core.AbstractBundle.start(AbstractBundle.java:300) [org.eclipse.osgi_3.9.0.v20130529-1710.jar:na]
	at org.eclipse.osgi.framework.util.SecureAction.start(SecureAction.java:478) [org.eclipse.osgi_3.9.0.v20130529-1710.jar:na]
	at org.eclipse.osgi.internal.loader.BundleLoader.setLazyTrigger(BundleLoader.java:263) [org.eclipse.osgi_3.9.0.v20130529-1710.jar:na]
	at org.eclipse.core.runtime.internal.adaptor.EclipseLazyStarter.postFindLocalClass(EclipseLazyStarter.java:109) [org.eclipse.osgi_3.9.0.v20130529-1710.jar:na]
	at org.eclipse.osgi.baseadaptor.loader.ClasspathManager.findLocalClass(ClasspathManager.java:469) [org.eclipse.osgi_3.9.0.v20130529-1710.jar:na]
	at org.eclipse.osgi.internal.baseadaptor.DefaultClassLoader.findLocalClass(DefaultClassLoader.java:216) [org.eclipse.osgi_3.9.0.v20130529-1710.jar:na]
	at org.eclipse.osgi.internal.loader.BundleLoader.findLocalClass(BundleLoader.java:395) [org.eclipse.osgi_3.9.0.v20130529-1710.jar:na]
	at org.eclipse.osgi.internal.loader.BundleLoader.findClassInternal(BundleLoader.java:464) [org.eclipse.osgi_3.9.0.v20130529-1710.jar:na]
	at org.eclipse.osgi.internal.loader.BundleLoader.findClass(BundleLoader.java:421) [org.eclipse.osgi_3.9.0.v20130529-1710.jar:na]
	at org.eclipse.osgi.internal.loader.BundleLoader.findClass(BundleLoader.java:412) [org.eclipse.osgi_3.9.0.v20130529-1710.jar:na]
	at org.eclipse.osgi.internal.baseadaptor.DefaultClassLoader.loadClass(DefaultClassLoader.java:107) [org.eclipse.osgi_3.9.0.v20130529-1710.jar:na]
	at java.lang.ClassLoader.loadClass(ClassLoader.java:247) [na:1.6.0_45]
	at org.eclipse.osgi.internal.loader.BundleLoader.loadClass(BundleLoader.java:340) [org.eclipse.osgi_3.9.0.v20130529-1710.jar:na]
	at org.eclipse.osgi.framework.internal.core.BundleHost.loadClass(BundleHost.java:229) [org.eclipse.osgi_3.9.0.v20130529-1710.jar:na]
	at org.eclipse.osgi.framework.internal.core.AbstractBundle.loadClass(AbstractBundle.java:1212) [org.eclipse.osgi_3.9.0.v20130529-1710.jar:na]
	at org.eclipse.core.internal.registry.osgi.RegistryStrategyOSGI.createExecutableExtension(RegistryStrategyOSGI.java:174) [org.eclipse.equinox.registry_3.5.300.v20130327-1442.jar:na]
	at org.eclipse.core.internal.registry.ExtensionRegistry.createExecutableExtension(ExtensionRegistry.java:905) [org.eclipse.equinox.registry_3.5.300.v20130327-1442.jar:na]
	at org.eclipse.core.internal.registry.ConfigurationElement.createExecutableExtension(ConfigurationElement.java:243) [org.eclipse.equinox.registry_3.5.300.v20130327-1442.jar:na]
	at org.eclipse.core.internal.registry.ConfigurationElementHandle.createExecutableExtension(ConfigurationElementHandle.java:55) [org.eclipse.equinox.registry_3.5.300.v20130327-1442.jar:na]
	at org.eclipse.ui.internal.WorkbenchPlugin$1.run(WorkbenchPlugin.java:282) [org.eclipse.ui.workbench_3.105.0.v20130529-1406.jar:na]
	at org.eclipse.swt.custom.BusyIndicator.showWhile(BusyIndicator.java:52) [org.eclipse.swt.win32.win32.x86_64_3.102.0.v20130605-1544.jar:na]
	at org.eclipse.ui.internal.WorkbenchPlugin.createExtension(WorkbenchPlugin.java:278) [org.eclipse.ui.workbench_3.105.0.v20130529-1406.jar:na]
	at org.eclipse.ui.internal.EarlyStartupRunnable.getExecutableExtension(EarlyStartupRunnable.java:117) [org.eclipse.ui.workbench_3.105.0.v20130529-1406.jar:na]
	at org.eclipse.ui.internal.EarlyStartupRunnable.run(EarlyStartupRunnable.java:66) [org.eclipse.ui.workbench_3.105.0.v20130529-1406.jar:na]
	at org.eclipse.core.runtime.SafeRunner.run(SafeRunner.java:42) [org.eclipse.equinox.common_3.6.200.v20130402-1505.jar:na]
	at org.eclipse.ui.internal.Workbench$55.run(Workbench.java:2552) [org.eclipse.ui.workbench_3.105.0.v20130529-1406.jar:na]
	at org.eclipse.core.internal.jobs.Worker.run(Worker.java:53) [org.eclipse.core.jobs_3.5.300.v20130429-1813.jar:na]
Caused by: java.net.SocketException: No buffer space available (maximum connections reached?): bind
	at sun.nio.ch.Net.bind(Native Method) ~[na:1.6.0_45]
	at sun.nio.ch.ServerSocketChannelImpl.bind(ServerSocketChannelImpl.java:124) ~[na:1.6.0_45]
	at sun.nio.ch.ServerSocketAdaptor.bind(ServerSocketAdaptor.java:59) ~[na:1.6.0_45]
	at sun.nio.ch.ServerSocketAdaptor.bind(ServerSocketAdaptor.java:52) ~[na:1.6.0_45]
	at sun.nio.ch.PipeImpl$Initializer.run(PipeImpl.java:72) ~[na:1.6.0_45]
	... 53 common frames omitted
2014-08-23 09:33:05,046 [Worker-0] INFO  org.eclipse.jetty.server.Server - jetty-8.1.10.v20130312
2014-08-23 09:33:05,278 [Worker-0] INFO  o.e.jetty.server.AbstractConnector - Started SelectChannelConnector@127.0.0.1:57712
2014-08-23 11:34:56,991 [main] INFO  o.e.j.server.handler.ContextHandler - stopped o.e.j.s.ServletContextHandler{/jrebel,null}
2014-08-23 11:35:59,348 [Worker-1] INFO  org.eclipse.jetty.server.Server - jetty-8.1.10.v20130312
2014-08-23 11:35:59,509 [Worker-1] INFO  o.e.jetty.server.AbstractConnector - Started SelectChannelConnector@127.0.0.1:62936
2014-08-23 16:24:50,585 [main] INFO  o.e.j.server.handler.ContextHandler - stopped o.e.j.s.ServletContextHandler{/jrebel,null}
2014-08-23 16:40:46,854 [Worker-3] INFO  org.eclipse.jetty.server.Server - jetty-8.1.10.v20130312
2014-08-23 16:40:46,938 [Worker-3] INFO  o.e.jetty.server.AbstractConnector - Started SelectChannelConnector@127.0.0.1:63981
